# JRE version: Java(TM) SE Runtime Environment (8.0_261-b12) (build 1.8.0_261-b12)
# Java VM: Java HotSpot(TM) 64-Bit Server VM (25.261-b12 mixed mode windows-amd64 compressed oops)
Heap:
 PSYoungGen      total 272896K, used 171357K [0x000000076b000000, 0x0000000792100000, 0x00000007c0000000)
  eden space 262144K, 65% used [0x000000076b000000,0x00000007757575e8,0x000000077b000000)
  from space 10752K, 0% used [0x000000077b000000,0x000000077b000000,0x000000077ba80000)
  to   space 57856K, 0% used [0x000000078e880000,0x000000078e880000,0x0000000792100000)
 ParOldGen       total 175104K, used 174767K [0x00000006c1000000, 0x00000006cbb00000, 0x000000076b000000)
  object space 175104K, 99% used [0x00000006c1000000,0x00000006cbaabd58,0x00000006cbb00000)
 Metaspace       used 26900K, capacity 27044K, committed 27392K, reserved 1073152K
  class space    used 3399K, capacity 3462K, committed 3584K, reserved 1048576K
GC Heap History (10 events):
Event: 2.740 GC heap before
{Heap before GC invocations=6 (full 1):
 PSYoungGen      total 272896K, used 10744K [0x000000076b000000, 0x0000000792100000, 0x00000007c0000000)
  eden space 262144K, 0% used [0x000000076b000000,0x000000076b000000,0x000000077b000000)
  from space 10752K, 99% used [0x000000077b000000,0x000000077ba7e1b8,0x000000077ba80000)
  to   space 57856K, 0% used [0x000000078e880000,0x000000078e880000,0x0000000792100000)
 ParOldGen       total 175104K, used 139989K [0x00000006c1000000, 0x00000006cbb00000, 0x000000076b000000)
  object space 175104K, 79% used [0x00000006c1000000,0x00000006c98b57b0,0x00000006cbb00000)
 Metaspace       used 11608K, capacity 11730K, committed 12032K, reserved 1060864K
  class space    used 1095K, capacity 1153K, committed 1280K, reserved 1048576K
Event: 2.834 GC heap after
Heap after GC invocations=6 (full 1):
 PSYoungGen      total 272896K, used 0K [0x000000076b000000, 0x0000000792100000, 0x00000007c0000000)
  eden space 262144K, 0% used [0x000000076b000000,0x000000076b000000,0x000000077b000000)
  from space 10752K, 0% used [0x000000077b000000,0x000000077b000000,0x000000077ba80000)
  to   space 57856K, 0% used [0x000000078e880000,0x000000078e880000,0x0000000792100000)
 ParOldGen       total 175104K, used 138601K [0x00000006c1000000, 0x00000006cbb00000, 0x000000076b000000)
  object space 175104K, 79% used [0x00000006c1000000,0x00000006c975a500,0x00000006cbb00000)
 Metaspace       used 11584K, capacity 11694K, committed 12032K, reserved 1060864K
  class space    used 1091K, capacity 1147K, committed 1280K, reserved 1048576K
}
Event: 3.076 GC heap before
{Heap before GC invocations=7 (full 2):
 PSYoungGen      total 272896K, used 262144K [0x000000076b000000, 0x0000000792100000, 0x00000007c0000000)
  eden space 262144K, 100% used [0x000000076b000000,0x000000077b000000,0x000000077b000000)
  from space 10752K, 0% used [0x000000077b000000,0x000000077b000000,0x000000077ba80000)
  to   space 57856K, 0% used [0x000000078e880000,0x000000078e880000,0x0000000792100000)
 ParOldGen       total 175104K, used 138633K [0x00000006c1000000, 0x00000006cbb00000, 0x000000076b000000)
  object space 175104K, 79% used [0x00000006c1000000,0x00000006c9762530,0x00000006cbb00000)
 Metaspace       used 11695K, capacity 11900K, committed 12032K, reserved 1060864K
  class space    used 1098K, capacity 1186K, committed 1280K, reserved 1048576K
Event: 3.266 GC heap after
Heap after GC invocations=7 (full 2):
 PSYoungGen      total 272896K, used 0K [0x000000076b000000, 0x0000000792100000, 0x00000007c0000000)
  eden space 262144K, 0% used [0x000000076b000000,0x000000076b000000,0x000000077b000000)
  from space 10752K, 0% used [0x000000077b000000,0x000000077b000000,0x000000077ba80000)
  to   space 57856K, 0% used [0x000000078e880000,0x000000078e880000,0x0000000792100000)
 ParOldGen       total 175104K, used 157592K [0x00000006c1000000, 0x00000006cbb00000, 0x000000076b000000)
  object space 175104K, 89% used [0x00000006c1000000,0x00000006ca9e6110,0x00000006cbb00000)
 Metaspace       used 11684K, capacity 11876K, committed 12032K, reserved 1060864K
  class space    used 1095K, capacity 1182K, committed 1280K, reserved 1048576K
}
Event: 4.219 GC heap before
{Heap before GC invocations=8 (full 3):
 PSYoungGen      total 272896K, used 241013K [0x000000076b000000, 0x0000000792100000, 0x00000007c0000000)
  eden space 262144K, 91% used [0x000000076b000000,0x0000000779b5d708,0x000000077b000000)
  from space 10752K, 0% used [0x000000077b000000,0x000000077b000000,0x000000077ba80000)
  to   space 57856K, 0% used [0x000000078e880000,0x000000078e880000,0x0000000792100000)
 ParOldGen       total 175104K, used 157592K [0x00000006c1000000, 0x00000006cbb00000, 0x000000076b000000)
  object space 175104K, 89% used [0x00000006c1000000,0x00000006ca9e6110,0x00000006cbb00000)
 Metaspace       used 21034K, capacity 21186K, committed 21296K, reserved 1069056K
  class space    used 2589K, capacity 2661K, committed 2688K, reserved 1048576K
Event: 4.362 GC heap after
Heap after GC invocations=8 (full 3):
 PSYoungGen      total 272896K, used 0K [0x000000076b000000, 0x0000000792100000, 0x00000007c0000000)
  eden space 262144K, 0% used [0x000000076b000000,0x000000076b000000,0x000000077b000000)
  from space 10752K, 0% used [0x000000077b000000,0x000000077b000000,0x000000077ba80000)
  to   space 57856K, 0% used [0x000000078e880000,0x000000078e880000,0x0000000792100000)
 ParOldGen       total 175104K, used 152671K [0x00000006c1000000, 0x00000006cbb00000, 0x000000076b000000)
  object space 175104K, 87% used [0x00000006c1000000,0x00000006ca517db0,0x00000006cbb00000)
 Metaspace       used 21034K, capacity 21186K, committed 21296K, reserved 1069056K
  class space    used 2589K, capacity 2661K, committed 2688K, reserved 1048576K
}
Event: 5.020 GC heap before
{Heap before GC invocations=9 (full 4):
 PSYoungGen      total 272896K, used 262144K [0x000000076b000000, 0x0000000792100000, 0x00000007c0000000)
  eden space 262144K, 100% used [0x000000076b000000,0x000000077b000000,0x000000077b000000)
  from space 10752K, 0% used [0x000000077b000000,0x000000077b000000,0x000000077ba80000)
  to   space 57856K, 0% used [0x000000078e880000,0x000000078e880000,0x0000000792100000)
 ParOldGen       total 175104K, used 152673K [0x00000006c1000000, 0x00000006cbb00000, 0x000000076b000000)
  object space 175104K, 87% used [0x00000006c1000000,0x00000006ca518688,0x00000006cbb00000)
 Metaspace       used 26768K, capacity 26980K, committed 27392K, reserved 1073152K
  class space    used 3393K, capacity 3462K, committed 3584K, reserved 1048576K
Event: 5.116 GC heap after
Heap after GC invocations=9 (full 4):
 PSYoungGen      total 272896K, used 0K [0x000000076b000000, 0x0000000792100000, 0x00000007c0000000)
  eden space 262144K, 0% used [0x000000076b000000,0x000000076b000000,0x000000077b000000)
  from space 10752K, 0% used [0x000000077b000000,0x000000077b000000,0x000000077ba80000)
  to   space 57856K, 0% used [0x000000078e880000,0x000000078e880000,0x0000000792100000)
 ParOldGen       total 175104K, used 158222K [0x00000006c1000000, 0x00000006cbb00000, 0x000000076b000000)
  object space 175104K, 90% used [0x00000006c1000000,0x00000006caa83800,0x00000006cbb00000)
 Metaspace       used 26768K, capacity 26980K, committed 27392K, reserved 1073152K
  class space    used 3393K, capacity 3462K, committed 3584K, reserved 1048576K
}
Event: 5.338 GC heap before
{Heap before GC invocations=10 (full 5):
 PSYoungGen      total 272896K, used 262144K [0x000000076b000000, 0x0000000792100000, 0x00000007c0000000)
  eden space 262144K, 100% used [0x000000076b000000,0x000000077b000000,0x000000077b000000)
  from space 10752K, 0% used [0x000000077b000000,0x000000077b000000,0x000000077ba80000)
  to   space 57856K, 0% used [0x000000078e880000,0x000000078e880000,0x0000000792100000)
 ParOldGen       total 175104K, used 158222K [0x00000006c1000000, 0x00000006cbb00000, 0x000000076b000000)
  object space 175104K, 90% used [0x00000006c1000000,0x00000006caa83800,0x00000006cbb00000)
 Metaspace       used 26884K, capacity 27044K, committed 27392K, reserved 1073152K
  class space    used 3398K, capacity 3462K, committed 3584K, reserved 1048576K
Event: 5.497 GC heap after
Heap after GC invocations=10 (full 5):
 PSYoungGen      total 272896K, used 108093K [0x000000076b000000, 0x0000000792100000, 0x00000007c0000000)
  eden space 262144K, 41% used [0x000000076b000000,0x000000077198f5f8,0x000000077b000000)
  from space 10752K, 0% used [0x000000077b000000,0x000000077b000000,0x000000077ba80000)
  to   space 57856K, 0% used [0x000000078e880000,0x000000078e880000,0x0000000792100000)
 ParOldGen       total 175104K, used 174767K [0x00000006c1000000, 0x00000006cbb00000, 0x000000076b000000)
  object space 175104K, 99% used [0x00000006c1000000,0x00000006cbaabd58,0x00000006cbb00000)
 Metaspace       used 26884K, capacity 27044K, committed 27392K, reserved 1073152K
  class space    used 3398K, capacity 3462K, committed 3584K, reserved 1048576K
}

