# JRE version: Java(TM) SE Runtime Environment (8.0_261-b12) (build 1.8.0_261-b12)
# Java VM: Java HotSpot(TM) 64-Bit Server VM (25.261-b12 mixed mode windows-amd64 compressed oops)
Heap:
 PSYoungGen      total 272896K, used 148619K [0x000000076b000000, 0x000000077c500000, 0x00000007c0000000)
  eden space 262144K, 56% used [0x000000076b000000,0x0000000774122c80,0x000000077b000000)
  from space 10752K, 0% used [0x000000077b000000,0x000000077b000000,0x000000077ba80000)
  to   space 10752K, 0% used [0x000000077ba80000,0x000000077ba80000,0x000000077c500000)
 ParOldGen       total 175104K, used 175054K [0x00000006c1000000, 0x00000006cbb00000, 0x000000076b000000)
  object space 175104K, 99% used [0x00000006c1000000,0x00000006cbaf3b48,0x00000006cbb00000)
 Metaspace       used 26896K, capacity 27044K, committed 27392K, reserved 1073152K
  class space    used 3398K, capacity 3462K, committed 3584K, reserved 1048576K
GC Heap History (10 events):
Event: 2.479 GC heap before
{Heap before GC invocations=6 (full 1):
 PSYoungGen      total 272896K, used 10736K [0x000000076b000000, 0x000000077c500000, 0x00000007c0000000)
  eden space 262144K, 0% used [0x000000076b000000,0x000000076b000000,0x000000077b000000)
  from space 10752K, 99% used [0x000000077b000000,0x000000077ba7c050,0x000000077ba80000)
  to   space 10752K, 0% used [0x000000077ba80000,0x000000077ba80000,0x000000077c500000)
 ParOldGen       total 175104K, used 139689K [0x00000006c1000000, 0x00000006cbb00000, 0x000000076b000000)
  object space 175104K, 79% used [0x00000006c1000000,0x00000006c986a6a8,0x00000006cbb00000)
 Metaspace       used 11608K, capacity 11712K, committed 11904K, reserved 1060864K
  class space    used 1093K, capacity 1150K, committed 1152K, reserved 1048576K
Event: 2.566 GC heap after
Heap after GC invocations=6 (full 1):
 PSYoungGen      total 272896K, used 0K [0x000000076b000000, 0x000000077c500000, 0x00000007c0000000)
  eden space 262144K, 0% used [0x000000076b000000,0x000000076b000000,0x000000077b000000)
  from space 10752K, 0% used [0x000000077b000000,0x000000077b000000,0x000000077ba80000)
  to   space 10752K, 0% used [0x000000077ba80000,0x000000077ba80000,0x000000077c500000)
 ParOldGen       total 175104K, used 138498K [0x00000006c1000000, 0x00000006cbb00000, 0x000000076b000000)
  object space 175104K, 79% used [0x00000006c1000000,0x00000006c9740b18,0x00000006cbb00000)
 Metaspace       used 11596K, capacity 11694K, committed 11904K, reserved 1060864K
  class space    used 1091K, capacity 1147K, committed 1152K, reserved 1048576K
}
Event: 2.791 GC heap before
{Heap before GC invocations=7 (full 2):
 PSYoungGen      total 272896K, used 262144K [0x000000076b000000, 0x000000077c500000, 0x00000007c0000000)
  eden space 262144K, 100% used [0x000000076b000000,0x000000077b000000,0x000000077b000000)
  from space 10752K, 0% used [0x000000077b000000,0x000000077b000000,0x000000077ba80000)
  to   space 10752K, 0% used [0x000000077ba80000,0x000000077ba80000,0x000000077c500000)
 ParOldGen       total 175104K, used 138506K [0x00000006c1000000, 0x00000006cbb00000, 0x000000076b000000)
  object space 175104K, 79% used [0x00000006c1000000,0x00000006c9742b28,0x00000006cbb00000)
 Metaspace       used 11732K, capacity 11942K, committed 12288K, reserved 1060864K
  class space    used 1101K, capacity 1193K, committed 1280K, reserved 1048576K
Event: 2.985 GC heap after
Heap after GC invocations=7 (full 2):
 PSYoungGen      total 272896K, used 0K [0x000000076b000000, 0x000000077c500000, 0x00000007c0000000)
  eden space 262144K, 0% used [0x000000076b000000,0x000000076b000000,0x000000077b000000)
  from space 10752K, 0% used [0x000000077b000000,0x000000077b000000,0x000000077ba80000)
  to   space 10752K, 0% used [0x000000077ba80000,0x000000077ba80000,0x000000077c500000)
 ParOldGen       total 175104K, used 157419K [0x00000006c1000000, 0x00000006cbb00000, 0x000000076b000000)
  object space 175104K, 89% used [0x00000006c1000000,0x00000006ca9baff0,0x00000006cbb00000)
 Metaspace       used 11706K, capacity 11876K, committed 12288K, reserved 1060864K
  class space    used 1095K, capacity 1182K, committed 1280K, reserved 1048576K
}
Event: 3.957 GC heap before
{Heap before GC invocations=8 (full 3):
 PSYoungGen      total 272896K, used 246001K [0x000000076b000000, 0x000000077c500000, 0x00000007c0000000)
  eden space 262144K, 93% used [0x000000076b000000,0x000000077a03c5e0,0x000000077b000000)
  from space 10752K, 0% used [0x000000077b000000,0x000000077b000000,0x000000077ba80000)
  to   space 10752K, 0% used [0x000000077ba80000,0x000000077ba80000,0x000000077c500000)
 ParOldGen       total 175104K, used 157419K [0x00000006c1000000, 0x00000006cbb00000, 0x000000076b000000)
  object space 175104K, 89% used [0x00000006c1000000,0x00000006ca9baff0,0x00000006cbb00000)
 Metaspace       used 20965K, capacity 21122K, committed 21296K, reserved 1069056K
  class space    used 2582K, capacity 2661K, committed 2688K, reserved 1048576K
Event: 4.109 GC heap after
Heap after GC invocations=8 (full 3):
 PSYoungGen      total 272896K, used 0K [0x000000076b000000, 0x000000077c500000, 0x00000007c0000000)
  eden space 262144K, 0% used [0x000000076b000000,0x000000076b000000,0x000000077b000000)
  from space 10752K, 0% used [0x000000077b000000,0x000000077b000000,0x000000077ba80000)
  to   space 10752K, 0% used [0x000000077ba80000,0x000000077ba80000,0x000000077c500000)
 ParOldGen       total 175104K, used 153223K [0x00000006c1000000, 0x00000006cbb00000, 0x000000076b000000)
  object space 175104K, 87% used [0x00000006c1000000,0x00000006ca5a1c68,0x00000006cbb00000)
 Metaspace       used 20965K, capacity 21122K, committed 21296K, reserved 1069056K
  class space    used 2582K, capacity 2661K, committed 2688K, reserved 1048576K
}
Event: 4.791 GC heap before
{Heap before GC invocations=9 (full 4):
 PSYoungGen      total 272896K, used 262144K [0x000000076b000000, 0x000000077c500000, 0x00000007c0000000)
  eden space 262144K, 100% used [0x000000076b000000,0x000000077b000000,0x000000077b000000)
  from space 10752K, 0% used [0x000000077b000000,0x000000077b000000,0x000000077ba80000)
  to   space 10752K, 0% used [0x000000077ba80000,0x000000077ba80000,0x000000077c500000)
 ParOldGen       total 175104K, used 153225K [0x00000006c1000000, 0x00000006cbb00000, 0x000000076b000000)
  object space 175104K, 87% used [0x00000006c1000000,0x00000006ca5a2568,0x00000006cbb00000)
 Metaspace       used 26774K, capacity 26980K, committed 27392K, reserved 1073152K
  class space    used 3393K, capacity 3462K, committed 3584K, reserved 1048576K
Event: 4.871 GC heap after
Heap after GC invocations=9 (full 4):
 PSYoungGen      total 272896K, used 0K [0x000000076b000000, 0x000000077c500000, 0x00000007c0000000)
  eden space 262144K, 0% used [0x000000076b000000,0x000000076b000000,0x000000077b000000)
  from space 10752K, 0% used [0x000000077b000000,0x000000077b000000,0x000000077ba80000)
  to   space 10752K, 0% used [0x000000077ba80000,0x000000077ba80000,0x000000077c500000)
 ParOldGen       total 175104K, used 158041K [0x00000006c1000000, 0x00000006cbb00000, 0x000000076b000000)
  object space 175104K, 90% used [0x00000006c1000000,0x00000006caa56718,0x00000006cbb00000)
 Metaspace       used 26774K, capacity 26980K, committed 27392K, reserved 1073152K
  class space    used 3393K, capacity 3462K, committed 3584K, reserved 1048576K
}
Event: 5.091 GC heap before
{Heap before GC invocations=10 (full 5):
 PSYoungGen      total 272896K, used 262144K [0x000000076b000000, 0x000000077c500000, 0x00000007c0000000)
  eden space 262144K, 100% used [0x000000076b000000,0x000000077b000000,0x000000077b000000)
  from space 10752K, 0% used [0x000000077b000000,0x000000077b000000,0x000000077ba80000)
  to   space 10752K, 0% used [0x000000077ba80000,0x000000077ba80000,0x000000077c500000)
 ParOldGen       total 175104K, used 158041K [0x00000006c1000000, 0x00000006cbb00000, 0x000000076b000000)
  object space 175104K, 90% used [0x00000006c1000000,0x00000006caa56718,0x00000006cbb00000)
 Metaspace       used 26889K, capacity 27044K, committed 27392K, reserved 1073152K
  class space    used 3398K, capacity 3462K, committed 3584K, reserved 1048576K
Event: 5.273 GC heap after
Heap after GC invocations=10 (full 5):
 PSYoungGen      total 272896K, used 112593K [0x000000076b000000, 0x000000077c500000, 0x00000007c0000000)
  eden space 262144K, 42% used [0x000000076b000000,0x0000000771df4658,0x000000077b000000)
  from space 10752K, 0% used [0x000000077b000000,0x000000077b000000,0x000000077ba80000)
  to   space 10752K, 0% used [0x000000077ba80000,0x000000077ba80000,0x000000077c500000)
 ParOldGen       total 175104K, used 175054K [0x00000006c1000000, 0x00000006cbb00000, 0x000000076b000000)
  object space 175104K, 99% used [0x00000006c1000000,0x00000006cbaf3b48,0x00000006cbb00000)
 Metaspace       used 26889K, capacity 27044K, committed 27392K, reserved 1073152K
  class space    used 3398K, capacity 3462K, committed 3584K, reserved 1048576K
}

