# JRE version: Java(TM) SE Runtime Environment (8.0_261-b12) (build 1.8.0_261-b12)
# Java VM: Java HotSpot(TM) 64-Bit Server VM (25.261-b12 mixed mode windows-amd64 compressed oops)
Heap:
 PSYoungGen      total 76288K, used 55806K [0x000000076b000000, 0x0000000770500000, 0x00000007c0000000)
  eden space 65536K, 85% used [0x000000076b000000,0x000000076e67f838,0x000000076f000000)
  from space 10752K, 0% used [0x000000076fa80000,0x000000076fa80000,0x0000000770500000)
  to   space 10752K, 0% used [0x000000076f000000,0x000000076f000000,0x000000076fa80000)
 ParOldGen       total 175104K, used 7153K [0x00000006c1000000, 0x00000006cbb00000, 0x000000076b000000)
  object space 175104K, 4% used [0x00000006c1000000,0x00000006c16fc750,0x00000006cbb00000)
 Metaspace       used 14825K, capacity 14978K, committed 15104K, reserved 1062912K
  class space    used 1442K, capacity 1514K, committed 1536K, reserved 1048576K
GC Heap History (8 events):
Event: 0.974 GC heap before
{Heap before GC invocations=1 (full 0):
 PSYoungGen      total 76288K, used 31880K [0x000000076b000000, 0x0000000770500000, 0x00000007c0000000)
  eden space 65536K, 48% used [0x000000076b000000,0x000000076cf222e0,0x000000076f000000)
  from space 10752K, 0% used [0x000000076fa80000,0x000000076fa80000,0x0000000770500000)
  to   space 10752K, 0% used [0x000000076f000000,0x000000076f000000,0x000000076fa80000)
 ParOldGen       total 175104K, used 0K [0x00000006c1000000, 0x00000006cbb00000, 0x000000076b000000)
  object space 175104K, 0% used [0x00000006c1000000,0x00000006c1000000,0x00000006cbb00000)
 Metaspace       used 12613K, capacity 12776K, committed 12928K, reserved 1060864K
  class space    used 1306K, capacity 1381K, committed 1408K, reserved 1048576K
Event: 0.978 GC heap after
Heap after GC invocations=1 (full 0):
 PSYoungGen      total 76288K, used 10731K [0x000000076b000000, 0x0000000770500000, 0x00000007c0000000)
  eden space 65536K, 0% used [0x000000076b000000,0x000000076b000000,0x000000076f000000)
  from space 10752K, 99% used [0x000000076f000000,0x000000076fa7aed0,0x000000076fa80000)
  to   space 10752K, 0% used [0x000000076fa80000,0x000000076fa80000,0x0000000770500000)
 ParOldGen       total 175104K, used 4541K [0x00000006c1000000, 0x00000006cbb00000, 0x000000076b000000)
  object space 175104K, 2% used [0x00000006c1000000,0x00000006c146f580,0x00000006cbb00000)
 Metaspace       used 12613K, capacity 12776K, committed 12928K, reserved 1060864K
  class space    used 1306K, capacity 1381K, committed 1408K, reserved 1048576K
}
Event: 0.978 GC heap before
{Heap before GC invocations=2 (full 1):
 PSYoungGen      total 76288K, used 10731K [0x000000076b000000, 0x0000000770500000, 0x00000007c0000000)
  eden space 65536K, 0% used [0x000000076b000000,0x000000076b000000,0x000000076f000000)
  from space 10752K, 99% used [0x000000076f000000,0x000000076fa7aed0,0x000000076fa80000)
  to   space 10752K, 0% used [0x000000076fa80000,0x000000076fa80000,0x0000000770500000)
 ParOldGen       total 175104K, used 4541K [0x00000006c1000000, 0x00000006cbb00000, 0x000000076b000000)
  object space 175104K, 2% used [0x00000006c1000000,0x00000006c146f580,0x00000006cbb00000)
 Metaspace       used 12613K, capacity 12776K, committed 12928K, reserved 1060864K
  class space    used 1306K, capacity 1381K, committed 1408K, reserved 1048576K
Event: 0.987 GC heap after
Heap after GC invocations=2 (full 1):
 PSYoungGen      total 76288K, used 0K [0x000000076b000000, 0x0000000770500000, 0x00000007c0000000)
  eden space 65536K, 0% used [0x000000076b000000,0x000000076b000000,0x000000076f000000)
  from space 10752K, 0% used [0x000000076f000000,0x000000076f000000,0x000000076fa80000)
  to   space 10752K, 0% used [0x000000076fa80000,0x000000076fa80000,0x0000000770500000)
 ParOldGen       total 175104K, used 6086K [0x00000006c1000000, 0x00000006cbb00000, 0x000000076b000000)
  object space 175104K, 3% used [0x00000006c1000000,0x00000006c15f1a38,0x00000006cbb00000)
 Metaspace       used 12613K, capacity 12776K, committed 12928K, reserved 1060864K
  class space    used 1306K, capacity 1381K, committed 1408K, reserved 1048576K
}
Event: 1.975 GC heap before
{Heap before GC invocations=3 (full 1):
 PSYoungGen      total 76288K, used 15728K [0x000000076b000000, 0x0000000770500000, 0x00000007c0000000)
  eden space 65536K, 24% used [0x000000076b000000,0x000000076bf5c380,0x000000076f000000)
  from space 10752K, 0% used [0x000000076f000000,0x000000076f000000,0x000000076fa80000)
  to   space 10752K, 0% used [0x000000076fa80000,0x000000076fa80000,0x0000000770500000)
 ParOldGen       total 175104K, used 6086K [0x00000006c1000000, 0x00000006cbb00000, 0x000000076b000000)
  object space 175104K, 3% used [0x00000006c1000000,0x00000006c15f1a38,0x00000006cbb00000)
 Metaspace       used 13444K, capacity 13612K, committed 13824K, reserved 1060864K
  class space    used 1353K, capacity 1445K, committed 1536K, reserved 1048576K
Event: 1.976 GC heap after
Heap after GC invocations=3 (full 1):
 PSYoungGen      total 76288K, used 1376K [0x000000076b000000, 0x0000000770500000, 0x00000007c0000000)
  eden space 65536K, 0% used [0x000000076b000000,0x000000076b000000,0x000000076f000000)
  from space 10752K, 12% used [0x000000076fa80000,0x000000076fbd8330,0x0000000770500000)
  to   space 10752K, 0% used [0x000000076f000000,0x000000076f000000,0x000000076fa80000)
 ParOldGen       total 175104K, used 6094K [0x00000006c1000000, 0x00000006cbb00000, 0x000000076b000000)
  object space 175104K, 3% used [0x00000006c1000000,0x00000006c15f3a38,0x00000006cbb00000)
 Metaspace       used 13444K, capacity 13612K, committed 13824K, reserved 1060864K
  class space    used 1353K, capacity 1445K, committed 1536K, reserved 1048576K
}
Event: 1.976 GC heap before
{Heap before GC invocations=4 (full 2):
 PSYoungGen      total 76288K, used 1376K [0x000000076b000000, 0x0000000770500000, 0x00000007c0000000)
  eden space 65536K, 0% used [0x000000076b000000,0x000000076b000000,0x000000076f000000)
  from space 10752K, 12% used [0x000000076fa80000,0x000000076fbd8330,0x0000000770500000)
  to   space 10752K, 0% used [0x000000076f000000,0x000000076f000000,0x000000076fa80000)
 ParOldGen       total 175104K, used 6094K [0x00000006c1000000, 0x00000006cbb00000, 0x000000076b000000)
  object space 175104K, 3% used [0x00000006c1000000,0x00000006c15f3a38,0x00000006cbb00000)
 Metaspace       used 13444K, capacity 13612K, committed 13824K, reserved 1060864K
  class space    used 1353K, capacity 1445K, committed 1536K, reserved 1048576K
Event: 1.994 GC heap after
Heap after GC invocations=4 (full 2):
 PSYoungGen      total 76288K, used 0K [0x000000076b000000, 0x0000000770500000, 0x00000007c0000000)
  eden space 65536K, 0% used [0x000000076b000000,0x000000076b000000,0x000000076f000000)
  from space 10752K, 0% used [0x000000076fa80000,0x000000076fa80000,0x0000000770500000)
  to   space 10752K, 0% used [0x000000076f000000,0x000000076f000000,0x000000076fa80000)
 ParOldGen       total 175104K, used 7153K [0x00000006c1000000, 0x00000006cbb00000, 0x000000076b000000)
  object space 175104K, 4% used [0x00000006c1000000,0x00000006c16fc750,0x00000006cbb00000)
 Metaspace       used 13444K, capacity 13612K, committed 13824K, reserved 1060864K
  class space    used 1353K, capacity 1445K, committed 1536K, reserved 1048576K
}

